0 info it worked if it ends with ok
1 verbose cli [ 'C:\\Program Files (x86)\\nodejs\\\\node.exe',
1 verbose cli   'C:\\Program Files (x86)\\nodejs\\node_modules\\npm\\bin\\npm-cli.js',
1 verbose cli   'install' ]
2 info using npm@1.4.28
3 info using node@v0.10.35
4 verbose node symlink C:\Program Files (x86)\nodejs\\node.exe
5 warn package.json angular2-people-app@0.0.1 No description
6 warn package.json angular2-people-app@0.0.1 No repository field.
7 warn package.json angular2-people-app@0.0.1 No README data
8 verbose readDependencies using package.json deps
9 verbose install where, deps [ 'C:\\Users\\mave\\Downloads\\playground\\playground\\angular2',
9 verbose install   [ 'gulp', 'gulp-tsc', 'gulp-typescript', 'typescript' ] ]
10 info preinstall angular2-people-app@0.0.1
11 verbose readDependencies using package.json deps
12 verbose already installed skipping gulp@^3.9.0 C:\Users\mave\Downloads\playground\playground\angular2
13 verbose cache add [ 'gulp-tsc@^1.1.1', null ]
14 verbose cache add name=undefined spec="gulp-tsc@^1.1.1" args=["gulp-tsc@^1.1.1",null]
15 verbose parsed url { protocol: null,
15 verbose parsed url   slashes: null,
15 verbose parsed url   auth: null,
15 verbose parsed url   host: null,
15 verbose parsed url   port: null,
15 verbose parsed url   hostname: null,
15 verbose parsed url   hash: null,
15 verbose parsed url   search: null,
15 verbose parsed url   query: null,
15 verbose parsed url   pathname: 'gulp-tsc@^1.1.1',
15 verbose parsed url   path: 'gulp-tsc@^1.1.1',
15 verbose parsed url   href: 'gulp-tsc@^1.1.1' }
16 verbose cache add [ 'gulp-typescript@~2.8.1', null ]
17 verbose cache add name=undefined spec="gulp-typescript@~2.8.1" args=["gulp-typescript@~2.8.1",null]
18 verbose parsed url { protocol: null,
18 verbose parsed url   slashes: null,
18 verbose parsed url   auth: null,
18 verbose parsed url   host: null,
18 verbose parsed url   port: null,
18 verbose parsed url   hostname: null,
18 verbose parsed url   hash: null,
18 verbose parsed url   search: null,
18 verbose parsed url   query: null,
18 verbose parsed url   pathname: 'gulp-typescript@~2.8.1',
18 verbose parsed url   path: 'gulp-typescript@~2.8.1',
18 verbose parsed url   href: 'gulp-typescript@~2.8.1' }
19 verbose cache add [ 'typescript@@1.5.0-beta', null ]
20 verbose cache add name=undefined spec="typescript@@1.5.0-beta" args=["typescript@@1.5.0-beta",null]
21 verbose parsed url { protocol: null,
21 verbose parsed url   slashes: null,
21 verbose parsed url   auth: null,
21 verbose parsed url   host: null,
21 verbose parsed url   port: null,
21 verbose parsed url   hostname: null,
21 verbose parsed url   hash: null,
21 verbose parsed url   search: null,
21 verbose parsed url   query: null,
21 verbose parsed url   pathname: 'typescript@@1.5.0-beta',
21 verbose parsed url   path: 'typescript@@1.5.0-beta',
21 verbose parsed url   href: 'typescript@@1.5.0-beta' }
22 verbose cache add name="gulp-tsc" spec="^1.1.1" args=["gulp-tsc","^1.1.1"]
23 verbose parsed url { protocol: null,
23 verbose parsed url   slashes: null,
23 verbose parsed url   auth: null,
23 verbose parsed url   host: null,
23 verbose parsed url   port: null,
23 verbose parsed url   hostname: null,
23 verbose parsed url   hash: null,
23 verbose parsed url   search: null,
23 verbose parsed url   query: null,
23 verbose parsed url   pathname: '^1.1.1',
23 verbose parsed url   path: '^1.1.1',
23 verbose parsed url   href: '^1.1.1' }
24 verbose addNamed [ 'gulp-tsc', '^1.1.1' ]
25 verbose addNamed [ null, '>=1.1.1-0 <2.0.0-0' ]
26 verbose cache add name="gulp-typescript" spec="~2.8.1" args=["gulp-typescript","~2.8.1"]
27 verbose parsed url { protocol: null,
27 verbose parsed url   slashes: null,
27 verbose parsed url   auth: null,
27 verbose parsed url   host: null,
27 verbose parsed url   port: null,
27 verbose parsed url   hostname: null,
27 verbose parsed url   hash: null,
27 verbose parsed url   search: null,
27 verbose parsed url   query: null,
27 verbose parsed url   pathname: '~2.8.1',
27 verbose parsed url   path: '~2.8.1',
27 verbose parsed url   href: '~2.8.1' }
28 verbose addNamed [ 'gulp-typescript', '~2.8.1' ]
29 verbose addNamed [ null, '>=2.8.1-0 <2.9.0-0' ]
30 verbose cache add name="typescript" spec="@1.5.0-beta" args=["typescript","@1.5.0-beta"]
31 verbose parsed url { protocol: null,
31 verbose parsed url   slashes: null,
31 verbose parsed url   auth: null,
31 verbose parsed url   host: null,
31 verbose parsed url   port: null,
31 verbose parsed url   hostname: null,
31 verbose parsed url   hash: null,
31 verbose parsed url   search: null,
31 verbose parsed url   query: null,
31 verbose parsed url   pathname: '@1.5.0-beta',
31 verbose parsed url   path: '@1.5.0-beta',
31 verbose parsed url   href: '@1.5.0-beta' }
32 verbose addNamed [ 'typescript', '@1.5.0-beta' ]
33 verbose addNamed [ null, null ]
34 silly lockFile e0944e69-gulp-tsc-1-1-1 gulp-tsc@^1.1.1
35 verbose lock gulp-tsc@^1.1.1 C:\Users\mave\AppData\Roaming\npm-cache\e0944e69-gulp-tsc-1-1-1.lock
36 silly lockFile 3097673b-gulp-typescript-2-8-1 gulp-typescript@~2.8.1
37 verbose lock gulp-typescript@~2.8.1 C:\Users\mave\AppData\Roaming\npm-cache\3097673b-gulp-typescript-2-8-1.lock
38 silly lockFile 180c5438-typescript-1-5-0-beta typescript@@1.5.0-beta
39 verbose lock typescript@@1.5.0-beta C:\Users\mave\AppData\Roaming\npm-cache\180c5438-typescript-1-5-0-beta.lock
40 silly addNameRange { name: 'gulp-tsc', range: '>=1.1.1-0 <2.0.0-0', hasData: false }
41 silly addNameRange { name: 'gulp-typescript',
41 silly addNameRange   range: '>=2.8.1-0 <2.9.0-0',
41 silly addNameRange   hasData: false }
42 info addNameTag [ 'typescript', '@1.5.0-beta' ]
43 verbose request where is /gulp-tsc
44 verbose request registry https://registry.npmjs.org/
45 verbose request id 5d876d569bdc9f24
46 verbose url raw /gulp-tsc
47 verbose url resolving [ 'https://registry.npmjs.org/', './gulp-tsc' ]
48 verbose url resolved https://registry.npmjs.org/gulp-tsc
49 verbose request where is https://registry.npmjs.org/gulp-tsc
50 info trying registry request attempt 1 at 10:06:23
51 verbose etag "7IYHC51ZXXGOYNXMSLLNTU1W1"
52 http GET https://registry.npmjs.org/gulp-tsc
53 verbose request where is /gulp-typescript
54 verbose request registry https://registry.npmjs.org/
55 verbose url raw /gulp-typescript
56 verbose url resolving [ 'https://registry.npmjs.org/', './gulp-typescript' ]
57 verbose url resolved https://registry.npmjs.org/gulp-typescript
58 verbose request where is https://registry.npmjs.org/gulp-typescript
59 info trying registry request attempt 1 at 10:06:23
60 verbose etag "EVKIDCBLZBVZAGCDNE92NYIGG"
61 http GET https://registry.npmjs.org/gulp-typescript
62 verbose request where is /typescript
63 verbose request registry https://registry.npmjs.org/
64 verbose url raw /typescript
65 verbose url resolving [ 'https://registry.npmjs.org/', './typescript' ]
66 verbose url resolved https://registry.npmjs.org/typescript
67 verbose request where is https://registry.npmjs.org/typescript
68 info trying registry request attempt 1 at 10:06:23
69 verbose etag "5RIO1J2BJ43SWX70C5XL48LJA"
70 http GET https://registry.npmjs.org/typescript
71 http 304 https://registry.npmjs.org/gulp-tsc
72 silly registry.get cb [ 304,
72 silly registry.get   { date: 'Fri, 28 Aug 2015 08:06:23 GMT',
72 silly registry.get     via: '1.1 varnish',
72 silly registry.get     'cache-control': 'max-age=60',
72 silly registry.get     etag: '"7IYHC51ZXXGOYNXMSLLNTU1W1"',
72 silly registry.get     age: '18',
72 silly registry.get     connection: 'keep-alive',
72 silly registry.get     'x-served-by': 'cache-fra1248-FRA',
72 silly registry.get     'x-cache': 'HIT',
72 silly registry.get     'x-cache-hits': '1',
72 silly registry.get     'x-timer': 'S1440749183.975079,VS0,VE0',
72 silly registry.get     vary: 'Accept' } ]
73 verbose etag https://registry.npmjs.org/gulp-tsc from cache
74 http 304 https://registry.npmjs.org/typescript
75 silly registry.get cb [ 304,
75 silly registry.get   { date: 'Fri, 28 Aug 2015 08:06:23 GMT',
75 silly registry.get     via: '1.1 varnish',
75 silly registry.get     'cache-control': 'max-age=60',
75 silly registry.get     etag: '"5RIO1J2BJ43SWX70C5XL48LJA"',
75 silly registry.get     age: '22',
75 silly registry.get     connection: 'keep-alive',
75 silly registry.get     'x-served-by': 'cache-fra1221-FRA',
75 silly registry.get     'x-cache': 'HIT',
75 silly registry.get     'x-cache-hits': '1',
75 silly registry.get     'x-timer': 'S1440749183.976312,VS0,VE0',
75 silly registry.get     vary: 'Accept' } ]
76 verbose etag https://registry.npmjs.org/typescript from cache
77 http 304 https://registry.npmjs.org/gulp-typescript
78 silly registry.get cb [ 304,
78 silly registry.get   { date: 'Fri, 28 Aug 2015 08:06:23 GMT',
78 silly registry.get     via: '1.1 varnish',
78 silly registry.get     'cache-control': 'max-age=60',
78 silly registry.get     etag: '"EVKIDCBLZBVZAGCDNE92NYIGG"',
78 silly registry.get     age: '18',
78 silly registry.get     connection: 'keep-alive',
78 silly registry.get     'x-served-by': 'cache-fra1230-FRA',
78 silly registry.get     'x-cache': 'HIT',
78 silly registry.get     'x-cache-hits': '1',
78 silly registry.get     'x-timer': 'S1440749183.979647,VS0,VE0',
78 silly registry.get     vary: 'Accept' } ]
79 verbose etag https://registry.npmjs.org/gulp-typescript from cache
80 silly addNameRange number 2 { name: 'gulp-tsc', range: '>=1.1.1-0 <2.0.0-0', hasData: true }
81 silly addNameRange versions [ 'gulp-tsc',
81 silly addNameRange   [ '0.0.1',
81 silly addNameRange     '0.0.2',
81 silly addNameRange     '0.0.3',
81 silly addNameRange     '0.0.4',
81 silly addNameRange     '0.1.0',
81 silly addNameRange     '0.2.0',
81 silly addNameRange     '0.2.1',
81 silly addNameRange     '0.2.2',
81 silly addNameRange     '0.3.0',
81 silly addNameRange     '0.4.0',
81 silly addNameRange     '0.5.0',
81 silly addNameRange     '0.5.1',
81 silly addNameRange     '0.6.0',
81 silly addNameRange     '0.7.0',
81 silly addNameRange     '0.8.0',
81 silly addNameRange     '0.9.0',
81 silly addNameRange     '0.9.1',
81 silly addNameRange     '0.9.2',
81 silly addNameRange     '0.9.3',
81 silly addNameRange     '0.9.4',
81 silly addNameRange     '0.9.5',
81 silly addNameRange     '0.10.0',
81 silly addNameRange     '0.10.1',
81 silly addNameRange     '1.0.0',
81 silly addNameRange     '1.1.0',
81 silly addNameRange     '1.1.1' ] ]
82 verbose addNamed [ 'gulp-tsc', '1.1.1' ]
83 verbose addNamed [ '1.1.1', '1.1.1' ]
84 silly lockFile 1e0c54b4-gulp-tsc-1-1-1 gulp-tsc@1.1.1
85 verbose lock gulp-tsc@1.1.1 C:\Users\mave\AppData\Roaming\npm-cache\1e0c54b4-gulp-tsc-1-1-1.lock
86 silly lockFile 180c5438-typescript-1-5-0-beta typescript@@1.5.0-beta
87 silly lockFile 180c5438-typescript-1-5-0-beta typescript@@1.5.0-beta
88 silly addNameRange number 2 { name: 'gulp-typescript',
88 silly addNameRange   range: '>=2.8.1-0 <2.9.0-0',
88 silly addNameRange   hasData: true }
89 silly addNameRange versions [ 'gulp-typescript',
89 silly addNameRange   [ '0.1.0',
89 silly addNameRange     '0.2.0',
89 silly addNameRange     '0.3.0',
89 silly addNameRange     '0.3.1',
89 silly addNameRange     '1.0.0',
89 silly addNameRange     '2.0.0',
89 silly addNameRange     '2.1.0',
89 silly addNameRange     '2.2.0',
89 silly addNameRange     '2.2.1',
89 silly addNameRange     '2.3.0',
89 silly addNameRange     '2.4.0',
89 silly addNameRange     '2.4.1',
89 silly addNameRange     '2.4.2',
89 silly addNameRange     '2.5.0',
89 silly addNameRange     '2.6.0',
89 silly addNameRange     '2.7.0',
89 silly addNameRange     '2.7.1',
89 silly addNameRange     '2.7.2',
89 silly addNameRange     '2.7.3',
89 silly addNameRange     '2.7.4',
89 silly addNameRange     '2.7.5',
89 silly addNameRange     '2.7.6',
89 silly addNameRange     '2.7.7',
89 silly addNameRange     '2.7.8',
89 silly addNameRange     '2.8.0',
89 silly addNameRange     '2.8.1' ] ]
90 verbose addNamed [ 'gulp-typescript', '2.8.1' ]
91 verbose addNamed [ '2.8.1', '2.8.1' ]
92 silly lockFile b6e24407-gulp-typescript-2-8-1 gulp-typescript@2.8.1
93 verbose lock gulp-typescript@2.8.1 C:\Users\mave\AppData\Roaming\npm-cache\b6e24407-gulp-typescript-2-8-1.lock
94 silly lockFile b6e24407-gulp-typescript-2-8-1 gulp-typescript@2.8.1
95 silly lockFile b6e24407-gulp-typescript-2-8-1 gulp-typescript@2.8.1
96 silly lockFile 3097673b-gulp-typescript-2-8-1 gulp-typescript@~2.8.1
97 silly lockFile 3097673b-gulp-typescript-2-8-1 gulp-typescript@~2.8.1
98 silly lockFile 1e0c54b4-gulp-tsc-1-1-1 gulp-tsc@1.1.1
99 silly lockFile 1e0c54b4-gulp-tsc-1-1-1 gulp-tsc@1.1.1
100 silly lockFile e0944e69-gulp-tsc-1-1-1 gulp-tsc@^1.1.1
101 silly lockFile e0944e69-gulp-tsc-1-1-1 gulp-tsc@^1.1.1
102 error notarget No compatible version found: typescript@'@1.5.0-beta'
102 error notarget Valid install targets:
102 error notarget ["0.8.0","0.8.1","0.8.1-1","0.8.2","0.8.3","0.9.0","0.9.0-1","0.9.1","0.9.1-1","0.9.5","0.9.7","1.0.0","1.0.1","1.1.0-1","1.3.0","1.4.1","1.5.0-alpha","1.5.0-beta","1.5.3","1.6.0-dev.20150722.1","1.6.0-dev.20150723","1.6.0-dev.20150724","1.6.0-dev.20150725","1.6.0-dev.20150726","1.6.0-dev.20150727","1.6.0-dev.20150728","1.6.0-dev.20150729","1.6.0-dev.20150730","1.6.0-dev.20150731","1.6.0-dev.20150801","1.6.0-dev.20150802","1.6.0-dev.20150803","1.6.0-dev.20150804","1.6.0-dev.20150805","1.6.0-dev.20150806","1.6.0-dev.20150807","1.6.0-dev.20150808","1.6.0-dev.20150809","1.6.0-dev.20150810","1.6.0-dev.20150811","1.6.0-dev.20150812","1.6.0-dev.20150813","1.6.0-dev.20150814","1.6.0-dev.20150815","1.6.0-dev.20150816","1.6.0-dev.20150817","1.6.0-dev.20150818","1.6.0-dev.20150819","1.6.0-dev.20150820","1.6.0-dev.20150821","1.6.0-dev.20150822","1.6.0-dev.20150823","1.6.0-dev.20150824","1.6.0-dev.20150825","1.7.0-dev.20150826","1.7.0-dev.20150827","1.7.0-dev.20150828"]
102 error notarget
102 error notarget This is most likely not a problem with npm itself.
102 error notarget In most cases you or one of your dependencies are requesting
102 error notarget a package version that doesn't exist.
103 error System Windows_NT 6.2.9200
104 error command "C:\\Program Files (x86)\\nodejs\\\\node.exe" "C:\\Program Files (x86)\\nodejs\\node_modules\\npm\\bin\\npm-cli.js" "install"
105 error cwd C:\Users\mave\Downloads\playground\playground\angular2
106 error node -v v0.10.35
107 error npm -v 1.4.28
108 error code ETARGET
109 verbose exit [ 1, true ]
